#
# There is insufficient memory for the Java Runtime Environment to continue.
# Native memory allocation (mmap) failed to map 264241152 bytes. Error detail: G1 virtual space
# Possible reasons:
#   The system is out of physical RAM or swap space
#   This process is running with CompressedOops enabled, and the Java Heap may be blocking the growth of the native heap
# Possible solutions:
#   Reduce memory load on the system
#   Increase physical memory or swap space
#   Check if swap backing store is full
#   Decrease Java heap size (-Xmx/-Xms)
#   Decrease number of Java threads
#   Decrease Java thread stack sizes (-Xss)
#   Set larger code cache with -XX:ReservedCodeCacheSize=
#   JVM is running with Zero Based Compressed Oops mode in which the Java heap is
#     placed in the first 32GB address space. The Java Heap base address is the
#     maximum limit for the native heap growth. Please use -XX:HeapBaseMinAddress
#     to set the Java Heap base and to place the Java Heap above 32GB virtual address.
# This output file may be truncated or incomplete.
#
#  Out of Memory Error (os_windows.cpp:3828), pid=11484, tid=26888
#
# JRE version:  (21.0.4) (build )
# Java VM: OpenJDK 64-Bit Server VM (21.0.4+-12508038-b607.1, mixed mode, sharing, tiered, compressed oops, compressed class ptrs, g1 gc, windows-amd64)
# No core dump will be written. Minidumps are not enabled by default on client versions of Windows
#

---------------  S U M M A R Y ------------

Command Line: git4idea.http.GitAskPassApp Username for 'https://github.com': 

Host: 12th Gen Intel(R) Core(TM) i3-1220P, 12 cores, 15G,  Windows 11 , 64 bit Build 22621 (10.0.22621.4391)
Time: Sun Jan 12 13:35:01 2025 India Standard Time elapsed time: 0.045967 seconds (0d 0h 0m 0s)

---------------  T H R E A D  ---------------

Current thread (0x0000025c6fd4d340):  JavaThread "Unknown thread" [_thread_in_vm, id=26888, stack(0x0000009239800000,0x0000009239900000) (1024K)]

Stack: [0x0000009239800000,0x0000009239900000]
Native frames: (J=compiled Java code, j=interpreted, Vv=VM code, C=native code)
V  [jvm.dll+0x6ce539]
V  [jvm.dll+0x85bf03]
V  [jvm.dll+0x85e45e]
V  [jvm.dll+0x85eb43]
V  [jvm.dll+0x27dd06]
V  [jvm.dll+0x6cada5]
V  [jvm.dll+0x6bf27a]
V  [jvm.dll+0x3541fb]
V  [jvm.dll+0x35be36]
V  [jvm.dll+0x3adbc6]
V  [jvm.dll+0x3ade98]
V  [jvm.dll+0x32691c]
V  [jvm.dll+0x32760b]
V  [jvm.dll+0x823959]
V  [jvm.dll+0x3bacf8]
V  [jvm.dll+0x80cd58]
V  [jvm.dll+0x44ef2e]
V  [jvm.dll+0x450691]
C  [jli.dll+0x52ab]
C  [ucrtbase.dll+0x29333]
C  [KERNEL32.DLL+0x1259d]
C  [ntdll.dll+0x5af38]


---------------  P R O C E S S  ---------------

Threads class SMR info:
_java_thread_list=0x00007ffaa941a808, length=0, elements={
}

Java Threads: ( => current thread )
Total: 0

Other Threads:
  0x0000025c720ef490 WorkerThread "GC Thread#0"                     [id=17836, stack(0x0000009239900000,0x0000009239a00000) (1024K)]
  0x0000025c720fffb0 ConcurrentGCThread "G1 Main Marker"            [id=356, stack(0x0000009239a00000,0x0000009239b00000) (1024K)]
  0x0000025c72100c20 WorkerThread "G1 Conc#0"                       [id=19140, stack(0x0000009239b00000,0x0000009239c00000) (1024K)]

[error occurred during error reporting (printing all threads), id 0xc0000005, EXCEPTION_ACCESS_VIOLATION (0xc0000005) at pc=0x00007ffaa8c19957]
VM state: not at safepoint (not fully initialized)

VM Mutex/Monitor currently owned by a thread:  ([mutex/lock_event])
[0x00007ffaa94873f8] Heap_lock - owner thread: 0x0000025c6fd4d340

Heap address: 0x0000000704c00000, size: 4020 MB, Compressed Oops mode: Zero based, Oop shift amount: 3

CDS archive(s) mapped at: [0x0000000000000000-0x0000000000000000-0x0000000000000000), size 0, SharedBaseAddress: 0x0000000800000000, ArchiveRelocationMode: 1.
Narrow klass base: 0x0000000000000000, Narrow klass shift: 0, Narrow klass range: 0x0

GC Precious Log:
 CardTable entry size: 512
 Card Set container configuration: InlinePtr #cards 4 size 8 Array Of Cards #cards 16 size 48 Howl #buckets 8 coarsen threshold 3686 Howl Bitmap #cards 512 size 80 coarsen threshold 460 Card regions per heap region 1 cards per card region 4096

Heap:
 garbage-first heap   total 0K, used 0K [0x0000000704c00000, 0x0000000800000000)
  region size 2048K, 0 young (0K), 0 survivors (0K)
 Metaspace       used 0K, committed 0K, reserved 0K
  class space    used 0K, committed 0K, reserved 0K

Heap Regions: E=young(eden), S=young(survivor), O=old, HS=humongous(starts), HC=humongous(continues), CS=collection set, F=free, TAMS=top-at-mark-start, PB=parsable bottom

Card table byte_map: [0x0000025c75f00000,0x0000025c766e0000] _byte_map_base: 0x0000025c726da000

Marking Bits: (CMBitMap*) 0x0000025c720efb90
 Bits: [0x0000025c766e0000, 0x0000025c7a5b0000)

GC Heap History (0 events):
No events

Dll operation events (1 events):
Event: 0.030 Loaded shared library C:\Program Files\Android\Android Studio4\jbr\bin\java.dll

Deoptimization events (0 events):
No events

Classes loaded (0 events):
No events

Classes unloaded (0 events):
No events

Classes redefined (0 events):
No events

Internal exceptions (0 events):
No events

ZGC Phase Switch (0 events):
No events

VM Operations (0 events):
No events

Memory protections (0 events):
No events

Nmethod flushes (0 events):
No events

Events (0 events):
No events


Dynamic libraries:
0x00007ff7703c0000 - 0x00007ff7703ca000 	C:\Program Files\Android\Android Studio4\jbr\bin\java.exe
0x00007ffb78b50000 - 0x00007ffb78d67000 	C:\Windows\SYSTEM32\ntdll.dll
0x00007ffb77e40000 - 0x00007ffb77f04000 	C:\Windows\System32\KERNEL32.DLL
0x00007ffb75ff0000 - 0x00007ffb763aa000 	C:\Windows\System32\KERNELBASE.dll
0x00007ffb76590000 - 0x00007ffb766a1000 	C:\Windows\System32\ucrtbase.dll
0x00007ffb70180000 - 0x00007ffb70198000 	C:\Program Files\Android\Android Studio4\jbr\bin\jli.dll
0x00007ffb703a0000 - 0x00007ffb703bb000 	C:\Program Files\Android\Android Studio4\jbr\bin\VCRUNTIME140.dll
0x00007ffb787f0000 - 0x00007ffb7899e000 	C:\Windows\System32\USER32.dll
0x00007ffb76820000 - 0x00007ffb76846000 	C:\Windows\System32\win32u.dll
0x00007ffb77780000 - 0x00007ffb777a9000 	C:\Windows\System32\GDI32.dll
0x00007ffb75ed0000 - 0x00007ffb75feb000 	C:\Windows\System32\gdi32full.dll
0x00007ffb763b0000 - 0x00007ffb7644a000 	C:\Windows\System32\msvcp_win.dll
0x00007ffb6a2f0000 - 0x00007ffb6a582000 	C:\Windows\WinSxS\amd64_microsoft.windows.common-controls_6595b64144ccf1df_6.0.22621.4541_none_2710d1c57384c085\COMCTL32.dll
0x00007ffb77d90000 - 0x00007ffb77e37000 	C:\Windows\System32\msvcrt.dll
0x00007ffb78790000 - 0x00007ffb787c1000 	C:\Windows\System32\IMM32.DLL
0x00007ffb703c0000 - 0x00007ffb703cc000 	C:\Program Files\Android\Android Studio4\jbr\bin\vcruntime140_1.dll
0x00007ffb42140000 - 0x00007ffb421cd000 	C:\Program Files\Android\Android Studio4\jbr\bin\msvcp140.dll
0x00007ffaa88e0000 - 0x00007ffaa9563000 	C:\Program Files\Android\Android Studio4\jbr\bin\server\jvm.dll
0x00007ffb779a0000 - 0x00007ffb77a52000 	C:\Windows\System32\ADVAPI32.dll
0x00007ffb778e0000 - 0x00007ffb77987000 	C:\Windows\System32\sechost.dll
0x00007ffb75e20000 - 0x00007ffb75e48000 	C:\Windows\System32\bcrypt.dll
0x00007ffb777c0000 - 0x00007ffb778d4000 	C:\Windows\System32\RPCRT4.dll
0x00007ffb76c40000 - 0x00007ffb76cb1000 	C:\Windows\System32\WS2_32.dll
0x00007ffb75a90000 - 0x00007ffb75add000 	C:\Windows\SYSTEM32\POWRPROF.dll
0x00007ffb6aef0000 - 0x00007ffb6aefa000 	C:\Windows\SYSTEM32\VERSION.dll
0x00007ffb6abf0000 - 0x00007ffb6ac24000 	C:\Windows\SYSTEM32\WINMM.dll
0x00007ffb75a70000 - 0x00007ffb75a83000 	C:\Windows\SYSTEM32\UMPDC.dll
0x00007ffb74e40000 - 0x00007ffb74e58000 	C:\Windows\SYSTEM32\kernel.appcore.dll
0x00007ffb70390000 - 0x00007ffb7039a000 	C:\Program Files\Android\Android Studio4\jbr\bin\jimage.dll
0x00007ffb73530000 - 0x00007ffb73762000 	C:\Windows\SYSTEM32\DBGHELP.DLL
0x00007ffb768b0000 - 0x00007ffb76c3f000 	C:\Windows\System32\combase.dll
0x00007ffb77320000 - 0x00007ffb773f7000 	C:\Windows\System32\OLEAUT32.dll
0x00007ffb69960000 - 0x00007ffb69992000 	C:\Windows\SYSTEM32\dbgcore.DLL
0x00007ffb75e50000 - 0x00007ffb75ecb000 	C:\Windows\System32\bcryptPrimitives.dll
0x00007ffb70370000 - 0x00007ffb70390000 	C:\Program Files\Android\Android Studio4\jbr\bin\java.dll

dbghelp: loaded successfully - version: 4.0.5 - missing functions: none
symbol engine: initialized successfully - sym options: 0x614 - pdb path: .;C:\Program Files\Android\Android Studio4\jbr\bin;C:\Windows\SYSTEM32;C:\Windows\WinSxS\amd64_microsoft.windows.common-controls_6595b64144ccf1df_6.0.22621.4541_none_2710d1c57384c085;C:\Program Files\Android\Android Studio4\jbr\bin\server

VM Arguments:
java_command: git4idea.http.GitAskPassApp Username for 'https://github.com': 
java_class_path (initial): C:/Program Files/Android/Android Studio4/plugins/vcs-git/lib/git4idea-rt.jar;C:/Program Files/Android/Android Studio4/lib/externalProcess-rt.jar
Launcher Type: SUN_STANDARD

[Global flags]
     intx CICompilerCount                          = 4                                         {product} {ergonomic}
     uint ConcGCThreads                            = 3                                         {product} {ergonomic}
     uint G1ConcRefinementThreads                  = 10                                        {product} {ergonomic}
   size_t G1HeapRegionSize                         = 2097152                                   {product} {ergonomic}
    uintx GCDrainStackTargetSize                   = 64                                        {product} {ergonomic}
   size_t InitialHeapSize                          = 264241152                                 {product} {ergonomic}
   size_t MarkStackSize                            = 4194304                                   {product} {ergonomic}
   size_t MaxHeapSize                              = 4215275520                                {product} {ergonomic}
   size_t MinHeapDeltaBytes                        = 2097152                                   {product} {ergonomic}
   size_t MinHeapSize                              = 8388608                                   {product} {ergonomic}
    uintx NonNMethodCodeHeapSize                   = 5839372                                {pd product} {ergonomic}
    uintx NonProfiledCodeHeapSize                  = 122909434                              {pd product} {ergonomic}
    uintx ProfiledCodeHeapSize                     = 122909434                              {pd product} {ergonomic}
    uintx ReservedCodeCacheSize                    = 251658240                              {pd product} {ergonomic}
     bool SegmentedCodeCache                       = true                                      {product} {ergonomic}
   size_t SoftMaxHeapSize                          = 4215275520                             {manageable} {ergonomic}
     bool UseCompressedOops                        = true                           {product lp64_product} {ergonomic}
     bool UseG1GC                                  = true                                      {product} {ergonomic}
     bool UseLargePagesIndividualAllocation        = false                                  {pd product} {ergonomic}

Logging:
Log output configuration:
 #0: stdout all=warning uptime,level,tags foldmultilines=false
 #1: stderr all=off uptime,level,tags foldmultilines=false

Environment Variables:
PATH=C:\Program Files\Git\mingw64\libexec\git-core;C:\Program Files\Git\mingw64\libexec\git-core;C:\Program Files\Git\mingw64\bin;C:\Program Files\Git\usr\bin;C:\Users\aq844\bin;C:\Program Files\Common Files\Oracle\Java\javapath;C:\ffmpeg\bin;C:\Windows\system32;C:\Windows;C:\Windows\System32\Wbem;C:\Windows\System32\WindowsPowerShell\v1.0;C:\Windows\System32\OpenSSH;C:\MinGW\bin;C:\Program Files (x86)\dotnet;C:\Users\aq844\Downloads\platform-tools_r34.0.4-windows;C:\Program Files\nodejs;C:\Program Files\Git\cmd;C:\Users\aq844\AppData\Local\Programs\Python\Python311\Scripts;C:\Users\aq844\AppData\Local\Programs\Python\Python311;C:\Program Files\MySQL\MySQL Shell 8.0\bin;C:\Users\aq844\AppData\Local\Microsoft\WindowsApps;C:\Users\aq844\AppData\Local\Programs\Microsoft VS Code\bin;C:\SFML-2.6.0\bin;C:\Users\aq844\AppData\Roaming\npm;C:\Program Files\JetBrains\PyCharm Community Edition 2023.3.3\bin;C:\Users\aq844\Desktop\Flutter\flutter\bin;C:\Program Files\Java\jdk-23\bin;C:\Program Files\dotnet;C:\ProgramData\chocolatey\bin;C:\Users\aq844\AppData\Local\Programs\Python\Python311\Scripts;C:\Users\aq844\AppData\Local\Programs\Python\Python311;C:\Program Files\MySQL\MySQL Shell 8.0\bin;C:\Users\aq844\AppData\Local\Microsoft\WindowsApps;C:\Users\aq844\AppData\Local\Programs\Microsoft VS Code\bin;C:\SFML-2.6.0\bin;C:\Users\aq844\AppData\Roaming\npm;C:\Program Files\JetBrains\PyCharm Community Edition 2023.3.3\bin;C:\Users\aq844\Desktop\Flutter\flutter\bin
USERNAME=aq844
DISPLAY=:0.0
LC_ALL=en_US.UTF-8
TERM=xterm-256color
TMPDIR=C:\Users\aq844\AppData\Local\Temp
OS=Windows_NT
PROCESSOR_IDENTIFIER=Intel64 Family 6 Model 154 Stepping 4, GenuineIntel
TMP=C:\Users\aq844\AppData\Local\Temp
TEMP=C:\Users\aq844\AppData\Local\Temp




Periodic native trim disabled

JNI global refs:
JNI global refs: 0, weak refs: 0

JNI global refs memory usage: 0, weak refs: 0

Process memory usage:
Resident Set Size: 11712K (0% of 16464140K total physical memory with 685928K free physical memory)

OOME stack traces (most recent first):
Classloader memory used:

---------------  S Y S T E M  ---------------

OS:
 Windows 11 , 64 bit Build 22621 (10.0.22621.4391)
OS uptime: 0 days 2:50 hours
Hyper-V role detected

CPU: total 12 (initial active 12) (6 cores per cpu, 2 threads per core) family 6 model 154 stepping 4 microcode 0x41b, cx8, cmov, fxsr, ht, mmx, 3dnowpref, sse, sse2, sse3, ssse3, sse4.1, sse4.2, popcnt, lzcnt, tsc, tscinvbit, avx, avx2, aes, erms, clmul, bmi1, bmi2, adx, sha, fma, vzeroupper, clflush, clflushopt, clwb, hv, serialize, rdtscp, rdpid, fsrm, f16c, cet_ibt, cet_ss
Processor Information for processor 0
  Max Mhz: 1500, Current Mhz: 1500, Mhz Limit: 1500
Processor Information for processor 1
  Max Mhz: 1500, Current Mhz: 1500, Mhz Limit: 1500
Processor Information for processor 2
  Max Mhz: 1500, Current Mhz: 1500, Mhz Limit: 1500
Processor Information for processor 3
  Max Mhz: 1500, Current Mhz: 1500, Mhz Limit: 1500
Processor Information for processor 4
  Max Mhz: 1500, Current Mhz: 1100, Mhz Limit: 1095
Processor Information for processor 5
  Max Mhz: 1500, Current Mhz: 1100, Mhz Limit: 1095
Processor Information for processor 6
  Max Mhz: 1500, Current Mhz: 1100, Mhz Limit: 1095
Processor Information for processor 7
  Max Mhz: 1500, Current Mhz: 1100, Mhz Limit: 1095
Processor Information for processor 8
  Max Mhz: 1500, Current Mhz: 1100, Mhz Limit: 1095
Processor Information for processor 9
  Max Mhz: 1500, Current Mhz: 1100, Mhz Limit: 1095
Processor Information for processor 10
  Max Mhz: 1500, Current Mhz: 1100, Mhz Limit: 1095
Processor Information for processor 11
  Max Mhz: 1500, Current Mhz: 1100, Mhz Limit: 1095

Memory: 4k page, system-wide physical 16078M (669M free)
TotalPageFile size 24078M (AvailPageFile size 131M)
current process WorkingSet (physical memory assigned to process): 11M, peak: 11M
current process commit charge ("private bytes"): 64M, peak: 316M

vm_info: OpenJDK 64-Bit Server VM (21.0.4+-12508038-b607.1) for windows-amd64 JRE (21.0.4+-12508038-b607.1), built on 2024-10-16T17:23:34Z by "builder" with MS VC++ 16.10 / 16.11 (VS2019)

END.
